<?xml version="1.0" encoding="UTF-8"?>
<!-- Generated by org.testng.reporters.JUnitReportReporter -->
<testsuite skipped="0" hostname="Loard" name="MavenProject.BookAppointment" tests="3" failures="0" timestamp="10 Jul 2023 08:00:37 GMT" time="47.545" errors="0">
  <testcase name="launchUrl" time="10.540" classname="MavenProject.BookAppointment"/>
  <testcase name="selectRegisterPatient" time="23.840" classname="MavenProject.BookAppointment"/>
  <testcase name="bookAppointment" time="13.165" classname="MavenProject.BookAppointment"/>
</testsuite> <!-- MavenProject.BookAppointment -->
