<?xml version="1.0" encoding="UTF-8"?>
<!-- Generated by org.testng.reporters.JUnitReportReporter -->
<testsuite skipped="0" hostname="Loard" name="MavenProject.SampleTest" tests="2" failures="0" timestamp="09 Jul 2023 09:14:35 GMT" time="51.413" errors="0">
  <testcase name="launchUrl" time="27.429" classname="MavenProject.SampleTest"/>
  <testcase name="RegisterPatient" time="23.984" classname="MavenProject.SampleTest"/>
</testsuite> <!-- MavenProject.SampleTest -->
