<?xml version="1.0" encoding="UTF-8"?>
<!-- Generated by org.testng.reporters.JUnitReportReporter -->
<testsuite skipped="0" hostname="Loard" name="MavenProject.Demo1Test" tests="2" failures="0" timestamp="14 May 2021 14:19:27 GMT" time="0.015" errors="0">
  <testcase name="Mail" time="0.013" classname="MavenProject.Demo1Test"/>
  <testcase name="google" time="0.002" classname="MavenProject.Demo1Test"/>
</testsuite> <!-- MavenProject.Demo1Test -->
